Using pre-set license
Built from '2022.3/staging' branch; Version is '2022.3.17f1 (4fc78088f837) revision 5228416'; Using compiler version '192829333'; Build Type 'Release'
OS: 'Windows 10  (10.0.19045) 64bit Education' Language: 'en' Physical Memory: 16332 MB
BatchMode: 1, IsHumanControllingUs: 0, StartBugReporterOnCrash: 0, Is64bit: 1, IsPro: 1

COMMAND LINE ARGUMENTS:
D:\Unity 3D\2022.3.17f1\Editor\Unity.exe
-adb2
-batchMode
-noUpm
-name
AssetImportWorker2
-projectPath
D:/gitRepo/TegoTypuGame/TegoTypuGame
-logFile
Logs/AssetImportWorker2.log
-srvPort
61237
Successfully changed project path to: D:/gitRepo/TegoTypuGame/TegoTypuGame
D:/gitRepo/TegoTypuGame/TegoTypuGame
[UnityMemory] Configuration Parameters - Can be set up in boot.config
    "memorysetup-bucket-allocator-granularity=16"
    "memorysetup-bucket-allocator-bucket-count=8"
    "memorysetup-bucket-allocator-block-size=33554432"
    "memorysetup-bucket-allocator-block-count=8"
    "memorysetup-main-allocator-block-size=16777216"
    "memorysetup-thread-allocator-block-size=16777216"
    "memorysetup-gfx-main-allocator-block-size=16777216"
    "memorysetup-gfx-thread-allocator-block-size=16777216"
    "memorysetup-cache-allocator-block-size=4194304"
    "memorysetup-typetree-allocator-block-size=2097152"
    "memorysetup-profiler-bucket-allocator-granularity=16"
    "memorysetup-profiler-bucket-allocator-bucket-count=8"
    "memorysetup-profiler-bucket-allocator-block-size=33554432"
    "memorysetup-profiler-bucket-allocator-block-count=8"
    "memorysetup-profiler-allocator-block-size=16777216"
    "memorysetup-profiler-editor-allocator-block-size=1048576"
    "memorysetup-temp-allocator-size-main=16777216"
    "memorysetup-job-temp-allocator-block-size=2097152"
    "memorysetup-job-temp-allocator-block-size-background=1048576"
    "memorysetup-job-temp-allocator-reduction-small-platforms=262144"
    "memorysetup-allocator-temp-initial-block-size-main=262144"
    "memorysetup-allocator-temp-initial-block-size-worker=262144"
    "memorysetup-temp-allocator-size-background-worker=32768"
    "memorysetup-temp-allocator-size-job-worker=262144"
    "memorysetup-temp-allocator-size-preload-manager=33554432"
    "memorysetup-temp-allocator-size-nav-mesh-worker=65536"
    "memorysetup-temp-allocator-size-audio-worker=65536"
    "memorysetup-temp-allocator-size-cloud-worker=32768"
    "memorysetup-temp-allocator-size-gi-baking-worker=262144"
    "memorysetup-temp-allocator-size-gfx=262144"
Player connection [22756] Host "[IP] 192.168.1.213 [Port] 0 [Flags] 2 [Guid] 3751185805 [EditorId] 3751185805 [Version] 1048832 [Id] WindowsEditor(7,DESKTOP-VBDBDF0) [Debug] 1 [PackageName] WindowsEditor [ProjectName] Editor" joined multi-casting on [225.0.0.222:54997]...

Player connection [22756] Host "[IP] 192.168.1.213 [Port] 0 [Flags] 2 [Guid] 3751185805 [EditorId] 3751185805 [Version] 1048832 [Id] WindowsEditor(7,DESKTOP-VBDBDF0) [Debug] 1 [PackageName] WindowsEditor [ProjectName] Editor" joined alternative multi-casting on [225.0.0.222:34997]...

[Physics::Module] Initialized MultithreadedJobDispatcher with 15 workers.
Refreshing native plugins compatible for Editor in 13.61 ms, found 3 plugins.
Preloading 0 native plugins for Editor in 0.00 ms.
Initialize engine version: 2022.3.17f1 (4fc78088f837)
[Subsystems] Discovering subsystems at path D:/Unity 3D/2022.3.17f1/Editor/Data/Resources/UnitySubsystems
[Subsystems] Discovering subsystems at path D:/gitRepo/TegoTypuGame/TegoTypuGame/Assets
GfxDevice: creating device client; threaded=0; jobified=0
Direct3D:
    Version:  Direct3D 11.0 [level 11.1]
    Renderer: NVIDIA GeForce GTX 1660 (ID=0x2184)
    Vendor:   NVIDIA
    VRAM:     5966 MB
    Driver:   32.0.15.5585
Initialize mono
Mono path[0] = 'D:/Unity 3D/2022.3.17f1/Editor/Data/Managed'
Mono path[1] = 'D:/Unity 3D/2022.3.17f1/Editor/Data/MonoBleedingEdge/lib/mono/unityjit-win32'
Mono config path = 'D:/Unity 3D/2022.3.17f1/Editor/Data/MonoBleedingEdge/etc'
Using monoOptions --debugger-agent=transport=dt_socket,embedding=1,server=y,suspend=n,address=127.0.0.1:56480
Begin MonoManager ReloadAssembly
Registering precompiled unity dll's ...
Register platform support module: D:/Unity 3D/2022.3.17f1/Editor/Data/PlaybackEngines/AndroidPlayer/UnityEditor.Android.Extensions.dll
Register platform support module: D:/Unity 3D/2022.3.17f1/Editor/Data/PlaybackEngines/WindowsStandaloneSupport/UnityEditor.WindowsStandalone.Extensions.dll
Register platform support module: D:/Unity 3D/2022.3.17f1/Editor/Data/PlaybackEngines/MetroSupport/UnityEditor.UWP.Extensions.dll
Registered in 0.012467 seconds.
- Loaded All Assemblies, in  0.551 seconds
Native extension for UWP target not found
Native extension for WindowsStandalone target not found
Native extension for Android target not found
Android Extension - Scanning For ADB Devices 500 ms
Mono: successfully reloaded assembly
- Finished resetting the current domain, in  0.970 seconds
Domain Reload Profiling: 1521ms
	BeginReloadAssembly (188ms)
		ExecutionOrderSort (0ms)
		DisableScriptedObjects (0ms)
		BackupInstance (0ms)
		ReleaseScriptingObjects (0ms)
		CreateAndSetChildDomain (1ms)
	RebuildCommonClasses (59ms)
	RebuildNativeTypeToScriptingClass (15ms)
	initialDomainReloadingComplete (79ms)
	LoadAllAssembliesAndSetupDomain (210ms)
		LoadAssemblies (188ms)
		RebuildTransferFunctionScriptingTraits (0ms)
		AnalyzeDomain (206ms)
			TypeCache.Refresh (204ms)
				TypeCache.ScanAssembly (186ms)
			ScanForSourceGeneratedMonoScriptInfo (1ms)
			ResolveRequiredComponents (1ms)
	FinalizeReload (971ms)
		ReleaseScriptCaches (0ms)
		RebuildScriptCaches (0ms)
		SetupLoadedEditorAssemblies (893ms)
			LogAssemblyErrors (0ms)
			InitializePlatformSupportModulesInManaged (667ms)
			SetLoadedEditorAssemblies (5ms)
			RefreshPlugins (0ms)
			BeforeProcessingInitializeOnLoad (3ms)
			ProcessInitializeOnLoadAttributes (157ms)
			ProcessInitializeOnLoadMethodAttributes (63ms)
			AfterProcessingInitializeOnLoad (0ms)
			EditorAssembliesLoaded (0ms)
		ExecutionOrderSort2 (0ms)
		AwakeInstancesAfterBackupRestoration (0ms)
========================================================================
Worker process is ready to serve import requests
Begin MonoManager ReloadAssembly
- Loaded All Assemblies, in  0.844 seconds
Refreshing native plugins compatible for Editor in 3.27 ms, found 3 plugins.
Native extension for UWP target not found
Native extension for WindowsStandalone target not found
Native extension for Android target not found
Package Manager log level set to [2]
[Package Manager] Server::EnsureServerProcessIsRunning -- launch failed, reason: Unity was launched with the -noUpm command-line argument
[Package Manager] UpmClient::Send -- Unable to send message (not connected to UPM process).
[Package Manager] Cannot connect to Unity Package Manager local server
Mono: successfully reloaded assembly
- Finished resetting the current domain, in  0.761 seconds
Domain Reload Profiling: 1605ms
	BeginReloadAssembly (206ms)
		ExecutionOrderSort (0ms)
		DisableScriptedObjects (8ms)
		BackupInstance (0ms)
		ReleaseScriptingObjects (0ms)
		CreateAndSetChildDomain (26ms)
	RebuildCommonClasses (46ms)
	RebuildNativeTypeToScriptingClass (14ms)
	initialDomainReloadingComplete (50ms)
	LoadAllAssembliesAndSetupDomain (527ms)
		LoadAssemblies (413ms)
		RebuildTransferFunctionScriptingTraits (0ms)
		AnalyzeDomain (241ms)
			TypeCache.Refresh (213ms)
				TypeCache.ScanAssembly (192ms)
			ScanForSourceGeneratedMonoScriptInfo (20ms)
			ResolveRequiredComponents (6ms)
	FinalizeReload (761ms)
		ReleaseScriptCaches (0ms)
		RebuildScriptCaches (0ms)
		SetupLoadedEditorAssemblies (540ms)
			LogAssemblyErrors (0ms)
			InitializePlatformSupportModulesInManaged (31ms)
			SetLoadedEditorAssemblies (4ms)
			RefreshPlugins (0ms)
			BeforeProcessingInitializeOnLoad (69ms)
			ProcessInitializeOnLoadAttributes (404ms)
			ProcessInitializeOnLoadMethodAttributes (29ms)
			AfterProcessingInitializeOnLoad (5ms)
			EditorAssembliesLoaded (0ms)
		ExecutionOrderSort2 (0ms)
		AwakeInstancesAfterBackupRestoration (10ms)
Launched and connected shader compiler UnityShaderCompiler.exe after 0.08 seconds
Refreshing native plugins compatible for Editor in 4.75 ms, found 3 plugins.
Preloading 0 native plugins for Editor in 0.00 ms.
Unloading 3140 Unused Serialized files (Serialized files now loaded: 0)
Unloading 32 unused Assets / (57.0 KB). Loaded Objects now: 3605.
Memory consumption went from 132.8 MB to 132.7 MB.
Total: 7.476400 ms (FindLiveObjects: 0.530900 ms CreateObjectMapping: 0.178700 ms MarkObjects: 6.546200 ms  DeleteObjects: 0.218500 ms)

AssetImportParameters requested are different than current active one (requested -> active):
  custom:container-demuxer-ogg: 62fdf1f143b41e24485cea50d1cbac27 -> 
  custom:video-decoder-ogg-theora: a1e56fd34408186e4bbccfd4996cb3dc -> 
  custom:framework-win-MediaFoundation: 216162199b28c13a410421893ffa2e32 -> 
  custom:CustomObjectIndexerAttribute: 6d391050e5a25f67b0a2c618074f2cd9 -> 
  custom:container-demuxer-webm: 4f35f7cbe854078d1ac9338744f61a02 -> 
  custom:container-muxer-webm: aa71ff27fc2769a1b78a27578f13a17b -> 
  custom:video-decoder-webm-vp8: 9c59270c3fd7afecdb556c50c9e8de78 -> 
  custom:SearchIndexIgnoredProperties: e643bd26f0fe6173181afceb89e7c659 -> 
  custom:AudioImporter_EditorPlatform: d09bf68614088b80899f8185d706f6e7 -> 
  custom:video-encoder-webm-vp8: eb34c28f22e8b96e1ab97ce403110664 -> 
  custom:audio-decoder-ogg-vorbis: bf7c407c2cedff20999df2af8eb42d56 -> 
  custom:audio-encoder-webm-vorbis: bf7c407c2cedff20999df2af8eb42d56 -> 
========================================================================
Received Import Request.
  Time since last request: 9420.625994 seconds.
  path: Assets/Image/buttons.png
  artifactKey: Guid(42c5cb47c1271b84d929e564db80d657) Importer(815301076,1909f56bfc062723c751e8b465ee728b)
Start importing Assets/Image/buttons.png using Guid(42c5cb47c1271b84d929e564db80d657) Importer(815301076,1909f56bfc062723c751e8b465ee728b)  -> (artifact id: '658161bb93b39089b9b6581fd9373939') in 0.103844 seconds
Number of updated asset objects reloaded before import = 0
Number of asset objects unloaded after import = 3
========================================================================
Received Import Request.
  Time since last request: 72.988826 seconds.
  path: Assets/TextMesh Pro/Examples & Extras/Textures/Floor Cement.jpg
  artifactKey: Guid(283f897e4925411ebbaa758b4cb13fc2) Importer(815301076,1909f56bfc062723c751e8b465ee728b)
Start importing Assets/TextMesh Pro/Examples & Extras/Textures/Floor Cement.jpg using Guid(283f897e4925411ebbaa758b4cb13fc2) Importer(815301076,1909f56bfc062723c751e8b465ee728b)  -> (artifact id: 'e9db79a1d596bb12127251abc6567fa2') in 0.024306 seconds
Number of updated asset objects reloaded before import = 0
Number of asset objects unloaded after import = 2
========================================================================
Received Import Request.
  Time since last request: 440.292162 seconds.
  path: Assets/Prefabs/ButtonPrefab.prefab
  artifactKey: Guid(6e637e3390e7ed842b214fd80c032c31) Importer(815301076,1909f56bfc062723c751e8b465ee728b)
Start importing Assets/Prefabs/ButtonPrefab.prefab using Guid(6e637e3390e7ed842b214fd80c032c31) Importer(815301076,1909f56bfc062723c751e8b465ee728b)  -> (artifact id: '2f8817cc9c2c184023ab9c89b9bf15e2') in 0.064506 seconds
Number of updated asset objects reloaded before import = 0
Number of asset objects unloaded after import = 21
========================================================================
Received Import Request.
  Time since last request: 213.875290 seconds.
  path: Assets/Prefabs/ButtonPrefab.prefab
  artifactKey: Guid(6e637e3390e7ed842b214fd80c032c31) Importer(815301076,1909f56bfc062723c751e8b465ee728b)
Start importing Assets/Prefabs/ButtonPrefab.prefab using Guid(6e637e3390e7ed842b214fd80c032c31) Importer(815301076,1909f56bfc062723c751e8b465ee728b)  -> (artifact id: '2716db8d12deaa4f6ce2dfc85296d007') in 0.028012 seconds
Number of updated asset objects reloaded before import = 0
Number of asset objects unloaded after import = 20
========================================================================
Received Import Request.
  Time since last request: 22.693259 seconds.
  path: Assets/Prefabs/Button.prefab
  artifactKey: Guid(c8134ec73a00cd543bcc8b66d219bd98) Importer(815301076,1909f56bfc062723c751e8b465ee728b)
Start importing Assets/Prefabs/Button.prefab using Guid(c8134ec73a00cd543bcc8b66d219bd98) Importer(815301076,1909f56bfc062723c751e8b465ee728b)  -> (artifact id: '9096a87cdcd227283a59b5691e63e382') in 0.023477 seconds
Number of updated asset objects reloaded before import = 0
Number of asset objects unloaded after import = 19
========================================================================
Received Import Request.
  Time since last request: 15.581050 seconds.
  path: Assets/Prefabs/ButtonPrefav.prefab
  artifactKey: Guid(c8134ec73a00cd543bcc8b66d219bd98) Importer(815301076,1909f56bfc062723c751e8b465ee728b)
Start importing Assets/Prefabs/ButtonPrefav.prefab using Guid(c8134ec73a00cd543bcc8b66d219bd98) Importer(815301076,1909f56bfc062723c751e8b465ee728b)  -> (artifact id: 'e662f4bd1edc260d48a3508707ecd977') in 0.024285 seconds
Number of updated asset objects reloaded before import = 0
Number of asset objects unloaded after import = 19
========================================================================
Received Import Request.
  Time since last request: 11.037271 seconds.
  path: Assets/Prefabs/ButtonPrefab.prefab
  artifactKey: Guid(c8134ec73a00cd543bcc8b66d219bd98) Importer(815301076,1909f56bfc062723c751e8b465ee728b)
Start importing Assets/Prefabs/ButtonPrefab.prefab using Guid(c8134ec73a00cd543bcc8b66d219bd98) Importer(815301076,1909f56bfc062723c751e8b465ee728b)  -> (artifact id: 'dfca58cf524c0abe079a69d046fe34af') in 0.023008 seconds
Number of updated asset objects reloaded before import = 0
Number of asset objects unloaded after import = 19
========================================================================
Received Import Request.
  Time since last request: 9.525467 seconds.
  path: Assets/Prefabs/ButtonPrefab.prefab
  artifactKey: Guid(c8134ec73a00cd543bcc8b66d219bd98) Importer(815301076,1909f56bfc062723c751e8b465ee728b)
Start importing Assets/Prefabs/ButtonPrefab.prefab using Guid(c8134ec73a00cd543bcc8b66d219bd98) Importer(815301076,1909f56bfc062723c751e8b465ee728b)  -> (artifact id: '932ae8267e77d39d4eb5fde5b0d2ad24') in 0.022834 seconds
Number of updated asset objects reloaded before import = 0
Number of asset objects unloaded after import = 19
========================================================================
Received Import Request.
  Time since last request: 6.318017 seconds.
  path: Assets/Prefabs/ButtonPrefab.prefab
  artifactKey: Guid(c8134ec73a00cd543bcc8b66d219bd98) Importer(815301076,1909f56bfc062723c751e8b465ee728b)
Start importing Assets/Prefabs/ButtonPrefab.prefab using Guid(c8134ec73a00cd543bcc8b66d219bd98) Importer(815301076,1909f56bfc062723c751e8b465ee728b)  -> (artifact id: 'fc955e2ec2b37c092922f939f74afbde') in 0.023649 seconds
Number of updated asset objects reloaded before import = 0
Number of asset objects unloaded after import = 19
========================================================================
Received Import Request.
  Time since last request: 7.035920 seconds.
  path: Assets/Prefabs/ButtonPrefab.prefab
  artifactKey: Guid(c8134ec73a00cd543bcc8b66d219bd98) Importer(815301076,1909f56bfc062723c751e8b465ee728b)
Start importing Assets/Prefabs/ButtonPrefab.prefab using Guid(c8134ec73a00cd543bcc8b66d219bd98) Importer(815301076,1909f56bfc062723c751e8b465ee728b)  -> (artifact id: 'ab739e771e9920b9db94c02535a56a98') in 0.023012 seconds
Number of updated asset objects reloaded before import = 0
Number of asset objects unloaded after import = 19
========================================================================
Received Import Request.
  Time since last request: 4.429723 seconds.
  path: Assets/Prefabs/ButtonPrefab.prefab
  artifactKey: Guid(c8134ec73a00cd543bcc8b66d219bd98) Importer(815301076,1909f56bfc062723c751e8b465ee728b)
Start importing Assets/Prefabs/ButtonPrefab.prefab using Guid(c8134ec73a00cd543bcc8b66d219bd98) Importer(815301076,1909f56bfc062723c751e8b465ee728b)  -> (artifact id: '4f22667d6df86351082f21602fa8e0e5') in 0.023466 seconds
Number of updated asset objects reloaded before import = 0
Number of asset objects unloaded after import = 19
========================================================================
Received Import Request.
  Time since last request: 3.414648 seconds.
  path: Assets/Prefabs/ButtonPrefab.prefab
  artifactKey: Guid(c8134ec73a00cd543bcc8b66d219bd98) Importer(815301076,1909f56bfc062723c751e8b465ee728b)
Start importing Assets/Prefabs/ButtonPrefab.prefab using Guid(c8134ec73a00cd543bcc8b66d219bd98) Importer(815301076,1909f56bfc062723c751e8b465ee728b)  -> (artifact id: '84a07f87908278fed29da145ad6bc3c7') in 0.025425 seconds
Number of updated asset objects reloaded before import = 0
Number of asset objects unloaded after import = 19
========================================================================
Received Import Request.
  Time since last request: 2.982839 seconds.
  path: Assets/Prefabs/ButtonPrefab.prefab
  artifactKey: Guid(c8134ec73a00cd543bcc8b66d219bd98) Importer(815301076,1909f56bfc062723c751e8b465ee728b)
Start importing Assets/Prefabs/ButtonPrefab.prefab using Guid(c8134ec73a00cd543bcc8b66d219bd98) Importer(815301076,1909f56bfc062723c751e8b465ee728b)  -> (artifact id: '8d65495c355344ff9420fee730d7f84a') in 0.023415 seconds
Number of updated asset objects reloaded before import = 0
Number of asset objects unloaded after import = 19
========================================================================
Received Import Request.
  Time since last request: 8.958066 seconds.
  path: Assets/Prefabs/ButtonPrefab.prefab
  artifactKey: Guid(c8134ec73a00cd543bcc8b66d219bd98) Importer(815301076,1909f56bfc062723c751e8b465ee728b)
Start importing Assets/Prefabs/ButtonPrefab.prefab using Guid(c8134ec73a00cd543bcc8b66d219bd98) Importer(815301076,1909f56bfc062723c751e8b465ee728b)  -> (artifact id: 'cb1ef54b802646bd194a954c9efd6f06') in 0.023292 seconds
Number of updated asset objects reloaded before import = 0
Number of asset objects unloaded after import = 19
========================================================================
Received Import Request.
  Time since last request: 9.252028 seconds.
  path: Assets/Prefabs/ButtonPrefab.prefab
  artifactKey: Guid(c8134ec73a00cd543bcc8b66d219bd98) Importer(815301076,1909f56bfc062723c751e8b465ee728b)
Start importing Assets/Prefabs/ButtonPrefab.prefab using Guid(c8134ec73a00cd543bcc8b66d219bd98) Importer(815301076,1909f56bfc062723c751e8b465ee728b)  -> (artifact id: '4be3acf286ac5c4502b40c9a26dc5f12') in 0.023355 seconds
Number of updated asset objects reloaded before import = 0
Number of asset objects unloaded after import = 19
========================================================================
Received Import Request.
  Time since last request: 43.659301 seconds.
  path: Assets/Prefabs/ButtonPrefab.prefab
  artifactKey: Guid(c8134ec73a00cd543bcc8b66d219bd98) Importer(815301076,1909f56bfc062723c751e8b465ee728b)
Start importing Assets/Prefabs/ButtonPrefab.prefab using Guid(c8134ec73a00cd543bcc8b66d219bd98) Importer(815301076,1909f56bfc062723c751e8b465ee728b)  -> (artifact id: '07a816aba92b99948d72698a6a014e3f') in 0.033482 seconds
Number of updated asset objects reloaded before import = 0
Number of asset objects unloaded after import = 19
========================================================================
Received Import Request.
  Time since last request: 81.094042 seconds.
  path: Assets/TextMesh Pro/Resources/Fonts & Materials/LiberationSans SDF.asset
  artifactKey: Guid(8f586378b4e144a9851e7b34d9b748ee) Importer(815301076,1909f56bfc062723c751e8b465ee728b)
Start importing Assets/TextMesh Pro/Resources/Fonts & Materials/LiberationSans SDF.asset using Guid(8f586378b4e144a9851e7b34d9b748ee) Importer(815301076,1909f56bfc062723c751e8b465ee728b)  -> (artifact id: '48a95b73cac1d21925e61d47ce142062') in 0.088566 seconds
Number of updated asset objects reloaded before import = 0
Number of asset objects unloaded after import = 9
========================================================================
Received Import Request.
  Time since last request: 1.079552 seconds.
  path: Assets/TextMesh Pro/Examples & Extras/Resources/Fonts & Materials/Oswald Bold SDF.asset
  artifactKey: Guid(0161d805a3764c089bef00bfe00793f5) Importer(815301076,1909f56bfc062723c751e8b465ee728b)
Start importing Assets/TextMesh Pro/Examples & Extras/Resources/Fonts & Materials/Oswald Bold SDF.asset using Guid(0161d805a3764c089bef00bfe00793f5) Importer(815301076,1909f56bfc062723c751e8b465ee728b)  -> (artifact id: 'b5dd46b86ed07ebc94098051d733bf34') in 0.030755 seconds
Number of updated asset objects reloaded before import = 0
Number of asset objects unloaded after import = 6
========================================================================
Received Import Request.
  Time since last request: 230.295508 seconds.
  path: Assets/Prefabs/ButtonPrefab.prefab
  artifactKey: Guid(c8134ec73a00cd543bcc8b66d219bd98) Importer(815301076,1909f56bfc062723c751e8b465ee728b)
Start importing Assets/Prefabs/ButtonPrefab.prefab using Guid(c8134ec73a00cd543bcc8b66d219bd98) Importer(815301076,1909f56bfc062723c751e8b465ee728b)  -> (artifact id: '8d1ab95d15c15a12ba09dc710f62a1a8') in 0.024026 seconds
Number of updated asset objects reloaded before import = 0
Number of asset objects unloaded after import = 19
========================================================================
Received Import Request.
  Time since last request: 81.540559 seconds.
  path: Assets/Prefabs/ButtonPrefab.prefab
  artifactKey: Guid(c8134ec73a00cd543bcc8b66d219bd98) Importer(815301076,1909f56bfc062723c751e8b465ee728b)
Start importing Assets/Prefabs/ButtonPrefab.prefab using Guid(c8134ec73a00cd543bcc8b66d219bd98) Importer(815301076,1909f56bfc062723c751e8b465ee728b)  -> (artifact id: '8c49960465bbd32526d16e3a2f13a9f9') in 0.024130 seconds
Number of updated asset objects reloaded before import = 0
Number of asset objects unloaded after import = 19
========================================================================
Received Import Request.
  Time since last request: 66.594617 seconds.
  path: Assets/Prefabs/Button.prefab
  artifactKey: Guid(632db0fdd1eb0cf45a083d24c5987c75) Importer(815301076,1909f56bfc062723c751e8b465ee728b)
Start importing Assets/Prefabs/Button.prefab using Guid(632db0fdd1eb0cf45a083d24c5987c75) Importer(815301076,1909f56bfc062723c751e8b465ee728b)  -> (artifact id: 'de7e35bf9d1a4a3c9950ccc12b1de4ce') in 0.024032 seconds
Number of updated asset objects reloaded before import = 0
Number of asset objects unloaded after import = 19
========================================================================
Received Import Request.
  Time since last request: 409.780588 seconds.
  path: Assets/Prefabs/ButtonPrefab.prefab
  artifactKey: Guid(c8134ec73a00cd543bcc8b66d219bd98) Importer(815301076,1909f56bfc062723c751e8b465ee728b)
Start importing Assets/Prefabs/ButtonPrefab.prefab using Guid(c8134ec73a00cd543bcc8b66d219bd98) Importer(815301076,1909f56bfc062723c751e8b465ee728b)  -> (artifact id: '888135b34531b9c70a4ccf953ddd9800') in 0.025025 seconds
Number of updated asset objects reloaded before import = 0
Number of asset objects unloaded after import = 19
========================================================================
Received Import Request.
  Time since last request: 40.358364 seconds.
  path: Assets/Prefabs/ButtonPrefab.prefab
  artifactKey: Guid(c8134ec73a00cd543bcc8b66d219bd98) Importer(815301076,1909f56bfc062723c751e8b465ee728b)
Start importing Assets/Prefabs/ButtonPrefab.prefab using Guid(c8134ec73a00cd543bcc8b66d219bd98) Importer(815301076,1909f56bfc062723c751e8b465ee728b)  -> (artifact id: '07511a8010c3e9a8acf6130db5e101dd') in 0.026963 seconds
Number of updated asset objects reloaded before import = 0
Number of asset objects unloaded after import = 19
========================================================================
Received Import Request.
  Time since last request: 37.907178 seconds.
  path: Assets/Prefabs/ButtonPrefab.prefab
  artifactKey: Guid(c8134ec73a00cd543bcc8b66d219bd98) Importer(815301076,1909f56bfc062723c751e8b465ee728b)
Start importing Assets/Prefabs/ButtonPrefab.prefab using Guid(c8134ec73a00cd543bcc8b66d219bd98) Importer(815301076,1909f56bfc062723c751e8b465ee728b)  -> (artifact id: '61d6504ffa7fcb25d548dbd8d56b5ab8') in 0.004396 seconds
Number of updated asset objects reloaded before import = 0
Number of asset objects unloaded after import = 16
